<?xml version="1.0" encoding="UTF-8"?>
<testsuite xmlns:xsi="http://www.w3.org/2001/XMLSchema-instance" xsi:noNamespaceSchemaLocation="https://maven.apache.org/surefire/maven-surefire-plugin/xsd/surefire-test-report-3.0.xsd" version="3.0" name="com.underroot.latexserver.model.DocumentManagerTest" time="0.182" tests="3" errors="0" skipped="0" failures="0">
  <properties>
[...]
</properties>
  <testcase name="getOrCreateDocument_ShouldReturnExistingDocument_WhenItExists" classname="com.underroot.latexserver.model.DocumentManagerTest" time="0.085"/>
  <testcase name="getOrCreateDocument_ShouldCreateNewDocument_WhenItDoesNotExist" classname="com.underroot.latexserver.model.DocumentManagerTest" time="0.015"/>
  <testcase name="getDocument_ShouldReturnNull_ForNonExistentDocument" classname="com.underroot.latexserver.model.DocumentManagerTest" time="0.005"/>
</testsuite>